生成启动时间为 2016/10/4 11:41:08。
     1>项目“F:\GitRepository\GaoDSH\MyTask\MyTask\MyTask.vcxproj”在节点 2 上(Build 个目标)。
     1>ClCompile:
         D:\Visual Studio 2013\VC\bin\CL.exe /c /ZI /nologo /W3 /WX- /Od /Oy- /D WIN32 /D _DEBUG /D _CONSOLE /D _UNICODE /D UNICODE /Gm /EHsc /RTC1 /MDd /GS /fp:precise /Zc:wchar_t /Zc:forScope /Fo"Debug\\" /Fd"Debug\vc120.pdb" /Gd /TP /analyze- /errorReport:prompt EnergyFrequency.cpp EnergyLocalMeanContrast.cpp EnergyLocalShannon.cpp EnergyLocalStd.cpp EnergySaliencyFT.cpp EnergySaliencyHC.cpp EnergySaliencyLC.cpp EnergySaliencyRC.cpp EnergySaliencySR.cpp main.cpp ShapeFractal.cpp
         ShapeFractal.cpp
         main.cpp
         EnergySaliencySR.cpp
         EnergySaliencyRC.cpp
         EnergySaliencyLC.cpp
         EnergySaliencyHC.cpp
         EnergySaliencyFT.cpp
         EnergyLocalStd.cpp
     1>f:\gitrepository\gaodsh\mytask\mytask\energylocalstd.cpp(37): warning C4244: “初始化”: 从“int”转换到“float”，可能丢失数据
     1>f:\gitrepository\gaodsh\mytask\mytask\energylocalstd.cpp(38): warning C4244: “初始化”: 从“int”转换到“float”，可能丢失数据
     1>f:\gitrepository\gaodsh\mytask\mytask\energylocalstd.cpp(41): warning C4244: “初始化”: 从“double”转换到“float”，可能丢失数据
     1>f:\gitrepository\gaodsh\mytask\mytask\energylocalstd.cpp(77): warning C4244: “=”: 从“int”转换到“float”，可能丢失数据
     1>f:\gitrepository\gaodsh\mytask\mytask\energylocalstd.cpp(78): warning C4244: “=”: 从“int”转换到“float”，可能丢失数据
     1>f:\gitrepository\gaodsh\mytask\mytask\energylocalstd.cpp(82): warning C4244: “=”: 从“int”转换到“float”，可能丢失数据
     1>f:\gitrepository\gaodsh\mytask\mytask\energylocalstd.cpp(83): warning C4244: “=”: 从“int”转换到“float”，可能丢失数据
     1>f:\gitrepository\gaodsh\mytask\mytask\energylocalstd.cpp(89): warning C4244: “=”: 从“float”转换到“unsigned char”，可能丢失数据
     1>f:\gitrepository\gaodsh\mytask\mytask\energylocalstd.cpp(90): warning C4244: “=”: 从“float”转换到“unsigned char”，可能丢失数据
     1>f:\gitrepository\gaodsh\mytask\mytask\energylocalstd.cpp(91): warning C4244: “=”: 从“float”转换到“unsigned char”，可能丢失数据
     1>f:\gitrepository\gaodsh\mytask\mytask\energylocalstd.cpp(92): warning C4244: “=”: 从“float”转换到“unsigned char”，可能丢失数据
     1>f:\gitrepository\gaodsh\mytask\mytask\energylocalstd.cpp(109): warning C4244: “=”: 从“float”转换到“unsigned char”，可能丢失数据
     1>f:\gitrepository\gaodsh\mytask\mytask\energylocalstd.cpp(140): warning C4244: “=”: 从“float”转换到“unsigned char”，可能丢失数据
         EnergyLocalShannon.cpp
         EnergyLocalMeanContrast.cpp
         EnergyFrequency.cpp
         正在生成代码...
       Link:
         D:\Visual Studio 2013\VC\bin\link.exe /ERRORREPORT:PROMPT /OUT:"F:\GitRepository\GaoDSH\MyTask\Debug\MyTask.exe" /INCREMENTAL /NOLOGO opencv_ml249d.lib opencv_calib3d249d.lib opencv_contrib249d.lib opencv_core249d.lib opencv_features2d249d.lib opencv_flann249d.lib opencv_gpu249d.lib opencv_highgui249d.lib opencv_imgproc249d.lib opencv_legacy249d.lib opencv_objdetect249d.lib opencv_ts249d.lib opencv_video249d.lib opencv_nonfree249d.lib opencv_ocl249d.lib opencv_photo249d.lib opencv_stitching249d.lib opencv_superres249d.lib opencv_videostab249d.lib kernel32.lib user32.lib gdi32.lib winspool.lib comdlg32.lib advapi32.lib shell32.lib ole32.lib oleaut32.lib uuid.lib odbc32.lib odbccp32.lib /MANIFEST /MANIFESTUAC:"level='asInvoker' uiAccess='false'" /manifest:embed /DEBUG /PDB:"F:\GitRepository\GaoDSH\MyTask\Debug\MyTask.pdb" /SUBSYSTEM:CONSOLE /TLBID:1 /DYNAMICBASE /NXCOMPAT /IMPLIB:"F:\GitRepository\GaoDSH\MyTask\Debug\MyTask.lib" /MACHINE:X86 Debug\EnergyFrequency.obj
         Debug\EnergyLocalMeanContrast.obj
         Debug\EnergyLocalShannon.obj
         Debug\EnergyLocalStd.obj
         Debug\EnergySaliencyFT.obj
         Debug\EnergySaliencyHC.obj
         Debug\EnergySaliencyLC.obj
         Debug\EnergySaliencyRC.obj
         Debug\EnergySaliencySR.obj
         Debug\main.obj
         Debug\ShapeFractal.obj
         LINK : 没有找到 F:\GitRepository\GaoDSH\MyTask\Debug\MyTask.exe 或上一个增量链接没有生成它；正在执行完全链接
         MyTask.vcxproj -> F:\GitRepository\GaoDSH\MyTask\Debug\MyTask.exe
     1>已完成生成项目“F:\GitRepository\GaoDSH\MyTask\MyTask\MyTask.vcxproj”(Build 个目标)的操作。

生成成功。

已用时间 00:00:22.48
