f:\gitrepository\gaodsh\mytask\mytask\debug\vc120.pdb
f:\gitrepository\gaodsh\mytask\mytask\debug\vc120.idb
f:\gitrepository\gaodsh\mytask\mytask\debug\energyfrequency.obj
f:\gitrepository\gaodsh\mytask\mytask\debug\energylocalmeancontrast.obj
f:\gitrepository\gaodsh\mytask\mytask\debug\energylocalshannon.obj
f:\gitrepository\gaodsh\mytask\mytask\debug\energylocalstd.obj
f:\gitrepository\gaodsh\mytask\mytask\debug\energysaliencyft.obj
f:\gitrepository\gaodsh\mytask\mytask\debug\energysaliencyhc.obj
f:\gitrepository\gaodsh\mytask\mytask\debug\energysaliencylc.obj
f:\gitrepository\gaodsh\mytask\mytask\debug\energysaliencyrc.obj
f:\gitrepository\gaodsh\mytask\mytask\debug\energysaliencysr.obj
f:\gitrepository\gaodsh\mytask\mytask\debug\main.obj
f:\gitrepository\gaodsh\mytask\mytask\debug\shapefractal.obj
f:\gitrepository\gaodsh\mytask\mytask\debug\shapelbp.obj
f:\gitrepository\gaodsh\mytask\mytask\debug\motionopticalflow.obj
f:\gitrepository\gaodsh\mytask\debug\mytask.ilk
f:\gitrepository\gaodsh\mytask\debug\mytask.exe
f:\gitrepository\gaodsh\mytask\debug\mytask.pdb
f:\gitrepository\gaodsh\mytask\mytask\debug\mytask.tlog\cl.command.1.tlog
f:\gitrepository\gaodsh\mytask\mytask\debug\mytask.tlog\cl.read.1.tlog
f:\gitrepository\gaodsh\mytask\mytask\debug\mytask.tlog\cl.write.1.tlog
f:\gitrepository\gaodsh\mytask\mytask\debug\mytask.tlog\link.command.1.tlog
f:\gitrepository\gaodsh\mytask\mytask\debug\mytask.tlog\link.read.1.tlog
f:\gitrepository\gaodsh\mytask\mytask\debug\mytask.tlog\link.write.1.tlog
