生成启动时间为 2016/9/19 12:44:52。
     1>项目“F:\GitRepository\GaoDSH\MyTask\MyTask\MyTask.vcxproj”在节点 2 上(Build 个目标)。
     1>ClCompile:
         D:\Visual Studio 2013\VC\bin\CL.exe /c /Zi /nologo /W3 /WX- /O2 /Oi /Oy- /GL /D WIN32 /D NDEBUG /D _CONSOLE /D _UNICODE /D UNICODE /Gm- /EHsc /MD /GS /Gy /fp:precise /Zc:wchar_t /Zc:forScope /Fo"Release\\" /Fd"Release\vc120.pdb" /Gd /TP /analyze- /errorReport:prompt EnergyLocalMeanContrast.cpp EnergyLocalShannon.cpp EnergyLocalStd.cpp EnergySaliencyFT.cpp EnergySaliencyHC.cpp EnergySaliencyLC.cpp EnergySaliencyRC.cpp EnergySaliencySR.cpp main.cpp
         EnergyLocalMeanContrast.cpp
         EnergyLocalShannon.cpp
         EnergyLocalStd.cpp
     1>EnergyLocalStd.cpp(37): warning C4244: “初始化”: 从“int”转换到“float”，可能丢失数据
     1>EnergyLocalStd.cpp(38): warning C4244: “初始化”: 从“int”转换到“float”，可能丢失数据
     1>EnergyLocalStd.cpp(41): warning C4244: “初始化”: 从“double”转换到“float”，可能丢失数据
     1>EnergyLocalStd.cpp(77): warning C4244: “=”: 从“int”转换到“float”，可能丢失数据
     1>EnergyLocalStd.cpp(78): warning C4244: “=”: 从“int”转换到“float”，可能丢失数据
     1>EnergyLocalStd.cpp(82): warning C4244: “=”: 从“int”转换到“float”，可能丢失数据
     1>EnergyLocalStd.cpp(83): warning C4244: “=”: 从“int”转换到“float”，可能丢失数据
     1>EnergyLocalStd.cpp(89): warning C4244: “=”: 从“float”转换到“unsigned char”，可能丢失数据
     1>EnergyLocalStd.cpp(90): warning C4244: “=”: 从“float”转换到“unsigned char”，可能丢失数据
     1>EnergyLocalStd.cpp(91): warning C4244: “=”: 从“float”转换到“unsigned char”，可能丢失数据
     1>EnergyLocalStd.cpp(92): warning C4244: “=”: 从“float”转换到“unsigned char”，可能丢失数据
     1>EnergyLocalStd.cpp(109): warning C4244: “=”: 从“float”转换到“unsigned char”，可能丢失数据
     1>EnergyLocalStd.cpp(140): warning C4244: “=”: 从“float”转换到“unsigned char”，可能丢失数据
         EnergySaliencyFT.cpp
         EnergySaliencyHC.cpp
         EnergySaliencyLC.cpp
         EnergySaliencyRC.cpp
         EnergySaliencySR.cpp
         main.cpp
       Link:
         D:\Visual Studio 2013\VC\bin\link.exe /ERRORREPORT:PROMPT /OUT:"F:\GitRepository\GaoDSH\MyTask\Release\MyTask.exe" /INCREMENTAL:NO /NOLOGO opencv_objdetect249.lib opencv_ts249.lib opencv_video249.lib opencv_nonfree249.lib opencv_ocl249.lib opencv_photo249.lib opencv_stitching249.lib opencv_superres249.lib opencv_videostab249.lib opencv_calib3d249.lib opencv_contrib249.lib opencv_core249.lib opencv_features2d249.lib opencv_flann249.lib opencv_gpu249.lib opencv_highgui249.lib opencv_imgproc249.lib opencv_legacy249.lib opencv_ml249.lib kernel32.lib user32.lib gdi32.lib winspool.lib comdlg32.lib advapi32.lib shell32.lib ole32.lib oleaut32.lib uuid.lib odbc32.lib odbccp32.lib /MANIFEST /MANIFESTUAC:"level='asInvoker' uiAccess='false'" /manifest:embed /DEBUG /PDB:"F:\GitRepository\GaoDSH\MyTask\Release\MyTask.pdb" /SUBSYSTEM:CONSOLE /OPT:REF /OPT:ICF /LTCG /TLBID:1 /DYNAMICBASE /NXCOMPAT /IMPLIB:"F:\GitRepository\GaoDSH\MyTask\Release\MyTask.lib" /MACHINE:X86 /SAFESEH Release\EnergyLocalMeanContrast.obj
         Release\EnergyLocalShannon.obj
         Release\EnergyLocalStd.obj
         Release\EnergySaliencyFT.obj
         Release\EnergySaliencyHC.obj
         Release\EnergySaliencyLC.obj
         Release\EnergySaliencyRC.obj
         Release\EnergySaliencySR.obj
         Release\main.obj
         正在生成代码
         已完成代码的生成
         MyTask.vcxproj -> F:\GitRepository\GaoDSH\MyTask\Release\MyTask.exe
     1>已完成生成项目“F:\GitRepository\GaoDSH\MyTask\MyTask\MyTask.vcxproj”(Build 个目标)的操作。

生成成功。

已用时间 00:00:19.25
